<?xml version="1.0" encoding="UTF-8"?>
<!-- Generated by org.testng.reporters.JUnitXMLReporter -->
<testsuite hostname="InnovationM-117" ignored="0" name="add_occupant testcase" tests="1" failures="1" timestamp="2020-09-18T13:19:23 IST" time="0.104" errors="0">
  <testcase name="addinput" time="0.0" classname="restassured.add_occupant">
    <failure type="org.testng.TestNGException" message="
Unsupported type parameter : class java.lang.Object">
      <![CDATA[org.testng.TestNGException: 
Unsupported type parameter : class java.lang.Object
at java.util.ArrayList.forEach(Unknown Source)
... Removed 27 stack frames]]>
    </failure>
  </testcase> <!-- addinput -->
</testsuite> <!-- add_occupant testcase -->
