<?xml version="1.0" encoding="UTF-8"?>
<testng-results skipped="0" failed="0" ignored="0" total="1" passed="1">
  <reporter-output>
  </reporter-output>
  <suite name="Default suite" duration-ms="8397" started-at="2020-10-09T18:36:05 IST" finished-at="2020-10-09T18:36:13 IST">
    <groups>
    </groups>
    <test name="Default test" duration-ms="8397" started-at="2020-10-09T18:36:05 IST" finished-at="2020-10-09T18:36:13 IST">
      <class name="restassured.get_feeds">
        <test-method status="PASS" signature="test2()[pri:0, instance:restassured.get_feeds@3d99d22e]" name="test2" duration-ms="8315" started-at="2020-10-09T18:36:05 IST" finished-at="2020-10-09T18:36:13 IST">
          <reporter-output>
          </reporter-output>
        </test-method> <!-- test2 -->
      </class> <!-- restassured.get_feeds -->
    </test> <!-- Default test -->
  </suite> <!-- Default suite -->
</testng-results>
